<?xml version="1.0" encoding="UTF-8"?>
<!--
~   Licensed under the Apache License, Version 2.0 (the "License");
~   you may not use this file except in compliance with the License.
~   You may obtain a copy of the License at
~
~   http://www.apache.org/licenses/LICENSE-2.0
~
~   Unless required by applicable law or agreed to in writing, software
~   distributed under the License is distributed on an "AS IS" BASIS,
~   WITHOUT WARRANTIES OR CONDITIONS OF ANY KIND, either express or implied.
~   See the License for the specific language governing permissions and
~   limitations under the License.
-->
<beans xmlns="http://www.springframework.org/schema/beans"
       xmlns:xsi="http://www.w3.org/2001/XMLSchema-instance"
       xmlns:aop="http://www.springframework.org/schema/aop"
       xmlns:tx="http://www.springframework.org/schema/tx"
       xsi:schemaLocation="
       http://www.springframework.org/schema/beans http://www.springframework.org/schema/beans/spring-beans-2.0.xsd
       http://www.springframework.org/schema/tx http://www.springframework.org/schema/tx/spring-tx-2.0.xsd
       http://www.springframework.org/schema/aop http://www.springframework.org/schema/aop/spring-aop-2.0.xsd">

    <tx:annotation-driven transaction-manager="transactionManager"/>

    <bean id="transactionManager" class="org.springframework.jdbc.datasource.DataSourceTransactionManager">
        <property name="dataSource" ref="derby"/>
    </bean>

    <bean id="derbyFactory" class="org.skife.jdbi.derby.DerbyHelper"
        init-method="start" destroy-method="stop" />

    <bean id="derby" factory-bean="derbyFactory" factory-method="getDataSource" />

    <bean id="dbi" class="org.skife.jdbi.v2.spring.DBIFactoryBean">
        <property name="dataSource" ref="derby"/>
    </bean>

    <!--suppress SpringBeanConstructorArgInspection -->
    <bean id="service" class="org.skife.jdbi.v2.spring.DummyService">
        <constructor-arg ref="dbi"/>
    </bean>
</beans>
