<?xml version="1.0" encoding="UTF-8"?>
<!--
~   Licensed under the Apache License, Version 2.0 (the "License");
~   you may not use this file except in compliance with the License.
~   You may obtain a copy of the License at
~
~   http://www.apache.org/licenses/LICENSE-2.0
~
~   Unless required by applicable law or agreed to in writing, software
~   distributed under the License is distributed on an "AS IS" BASIS,
~   WITHOUT WARRANTIES OR CONDITIONS OF ANY KIND, either express or implied.
~   See the License for the specific language governing permissions and
~   limitations under the License.
-->
<beans xmlns="http://www.springframework.org/schema/beans"
       xmlns:xsi="http://www.w3.org/2001/XMLSchema-instance"
       xmlns:tx="http://www.springframework.org/schema/tx"
       xsi:schemaLocation="http://www.springframework.org/schema/beans http://www.springframework.org/schema/beans/spring-beans-4.2.xsd
       http://www.springframework.org/schema/tx http://www.springframework.org/schema/tx/spring-tx-4.2.xsd">

    <tx:annotation-driven transaction-manager="transactionManager"/>

    <bean id="transactionManager" class="org.springframework.jdbc.datasource.DataSourceTransactionManager">
        <property name="dataSource" ref="db"/>
    </bean>

    <bean id="db" class="org.springframework.jdbc.datasource.DriverManagerDataSource">
        <property name="url" value="jdbc:h2:mem:testing;INIT=create table if not exists something ( id integer, name varchar(50), integerValue integer, intValue integer )" />
    </bean>

    <bean id="jdbi" class="org.jdbi.v3.spring4.JdbiFactoryBean">
        <property name="dataSource" ref="db"/>
    </bean>

    <!--suppress SpringBeanConstructorArgInspection -->
    <bean id="service" class="org.jdbi.v3.spring4.DummyService">
        <constructor-arg ref="jdbi"/>
    </bean>
</beans>
